This is pdfTeX, Version 3.141592653-2.6-1.40.28 (TeX Live 2025) (preloaded format=pdflatex 2025.7.6)  6 JUL 2025 20:51
entering extended mode
 restricted \write18 enabled.
 %&-line parsing enabled.
**C:/Users/MSIGAM~1/AppData/Local/Temp/Rtmp2XmhKJ/file462c43995f15.tex
! Emergency stop.
<to be read again> 
                   \protect 
<*> C:/Users/MSIGAM~
                    1/AppData/Local/Temp/Rtmp2XmhKJ/file462c43995f15.tex
*** (job aborted, file error in nonstop mode)

 
Here is how much of TeX's memory you used:
 4 strings out of 469868
 111 string characters out of 5482199
 425021 words of memory out of 5000000
 28404 multiletter control sequences out of 15000+600000
 626825 words of font info for 40 fonts, out of 8000000 for 9000
 14 hyphenation exceptions out of 8191
 2i,0n,0p,1b,6s stack positions out of 10000i,1000n,20000p,200000b,200000s
!  ==> Fatal error occurred, no output PDF file produced!
